<?xml version="1.0" encoding="UTF-8"?>
<!-- Generated by org.testng.reporters.JUnitXMLReporter -->
<testsuite ignored="1" hostname="LAPTOP-02GDBC8M" failures="0" tests="1" name="Default test" time="0.045" errors="0" timestamp="2022-12-19T15:29:27 IST">
  <testcase classname="organization.CreateOrgTest" name="tc_215_CreateOrgWithIndustryTest" time="0.008"/>
  <testcase classname="organization.CreateOrgTest" name="tc_215_CreateOrgWithMandatoryFieldsTest" time="0.0">
    <ignored/>
  </testcase> <!-- tc_215_CreateOrgWithMandatoryFieldsTest -->
</testsuite> <!-- Default test -->
