<?xml version="1.0" encoding="UTF-8"?>
<testng-results ignored="1" total="2" passed="1" failed="0" skipped="0">
  <reporter-output>
  </reporter-output>
  <suite started-at="2022-12-19T15:29:26 IST" name="Default suite" finished-at="2022-12-19T15:29:26 IST" duration-ms="45">
    <groups>
    </groups>
    <test started-at="2022-12-19T15:29:26 IST" name="Default test" finished-at="2022-12-19T15:29:26 IST" duration-ms="45">
      <class name="organization.CreateOrgTest">
        <test-method signature="tc_215_CreateOrgWithIndustryTest()[pri:0, instance:organization.CreateOrgTest@3315d2d7]" started-at="2022-12-19T15:29:26 IST" name="tc_215_CreateOrgWithIndustryTest" finished-at="2022-12-19T15:29:26 IST" duration-ms="8" status="PASS">
          <reporter-output>
          </reporter-output>
        </test-method> <!-- tc_215_CreateOrgWithIndustryTest -->
      </class> <!-- organization.CreateOrgTest -->
    </test> <!-- Default test -->
  </suite> <!-- Default suite -->
</testng-results>
