<?xml version="1.0" encoding="UTF-8"?>
<testng-results ignored="0" total="1" passed="1" failed="0" skipped="0">
  <reporter-output>
  </reporter-output>
  <suite started-at="2022-12-15T15:53:22 IST" name="Default suite" finished-at="2022-12-15T15:53:22 IST" duration-ms="34">
    <groups>
    </groups>
    <test started-at="2022-12-15T15:53:22 IST" name="Default test" finished-at="2022-12-15T15:53:22 IST" duration-ms="34">
      <class name="demo.Git1">
        <test-method signature="sampleTest()[pri:0, instance:demo.Git1@3315d2d7]" started-at="2022-12-15T15:53:22 IST" name="sampleTest" finished-at="2022-12-15T15:53:22 IST" duration-ms="7" status="PASS">
          <reporter-output>
          </reporter-output>
        </test-method> <!-- sampleTest -->
      </class> <!-- demo.Git1 -->
    </test> <!-- Default test -->
  </suite> <!-- Default suite -->
</testng-results>
